mode: set
github.com/LexFrench/GoldenFleece/goldenFleece.go:18.41,24.16 4 1
github.com/LexFrench/GoldenFleece/goldenFleece.go:28.2,28.22 1 1
github.com/LexFrench/GoldenFleece/goldenFleece.go:24.16,26.3 1 1
github.com/LexFrench/GoldenFleece/goldenFleece.go:32.42,34.2 1 1
github.com/LexFrench/GoldenFleece/goldenFleece.go:38.30,40.2 1 1
github.com/LexFrench/GoldenFleece/goldenFleece.go:43.41,46.30 2 1
github.com/LexFrench/GoldenFleece/goldenFleece.go:51.2,52.21 2 1
github.com/LexFrench/GoldenFleece/goldenFleece.go:46.30,48.3 1 1
github.com/LexFrench/GoldenFleece/goldenFleece.go:56.52,59.16 2 1
github.com/LexFrench/GoldenFleece/goldenFleece.go:64.2,65.9 2 1
github.com/LexFrench/GoldenFleece/goldenFleece.go:70.2,70.29 1 1
github.com/LexFrench/GoldenFleece/goldenFleece.go:59.16,61.3 1 1
github.com/LexFrench/GoldenFleece/goldenFleece.go:65.9,67.3 1 1
github.com/LexFrench/GoldenFleece/goldenFleece.go:74.58,77.16 2 1
github.com/LexFrench/GoldenFleece/goldenFleece.go:82.2,83.9 2 1
github.com/LexFrench/GoldenFleece/goldenFleece.go:87.2,87.25 1 1
github.com/LexFrench/GoldenFleece/goldenFleece.go:77.16,79.3 1 1
github.com/LexFrench/GoldenFleece/goldenFleece.go:83.9,85.3 1 1
github.com/LexFrench/GoldenFleece/goldenFleece.go:91.54,94.16 2 1
github.com/LexFrench/GoldenFleece/goldenFleece.go:99.2,100.9 2 1
github.com/LexFrench/GoldenFleece/goldenFleece.go:104.2,104.23 1 1
github.com/LexFrench/GoldenFleece/goldenFleece.go:94.16,96.3 1 1
github.com/LexFrench/GoldenFleece/goldenFleece.go:100.9,102.3 1 1
github.com/LexFrench/GoldenFleece/goldenFleece.go:108.58,111.16 2 1
github.com/LexFrench/GoldenFleece/goldenFleece.go:116.2,117.9 2 1
github.com/LexFrench/GoldenFleece/goldenFleece.go:121.2,121.24 1 1
github.com/LexFrench/GoldenFleece/goldenFleece.go:111.16,113.3 1 1
github.com/LexFrench/GoldenFleece/goldenFleece.go:117.9,119.3 1 1
github.com/LexFrench/GoldenFleece/goldenFleece.go:125.64,128.16 2 1
github.com/LexFrench/GoldenFleece/goldenFleece.go:133.2,134.9 2 1
github.com/LexFrench/GoldenFleece/goldenFleece.go:138.2,138.28 1 1
github.com/LexFrench/GoldenFleece/goldenFleece.go:128.16,130.3 1 1
github.com/LexFrench/GoldenFleece/goldenFleece.go:134.9,136.3 1 1
github.com/LexFrench/GoldenFleece/goldenFleece.go:142.71,145.16 2 1
github.com/LexFrench/GoldenFleece/goldenFleece.go:150.2,151.9 2 1
github.com/LexFrench/GoldenFleece/goldenFleece.go:155.2,155.22 1 1
github.com/LexFrench/GoldenFleece/goldenFleece.go:145.16,147.3 1 1
github.com/LexFrench/GoldenFleece/goldenFleece.go:151.9,153.3 1 1
github.com/LexFrench/GoldenFleece/goldenFleece.go:159.87,162.16 2 1
github.com/LexFrench/GoldenFleece/goldenFleece.go:167.2,168.9 2 1
github.com/LexFrench/GoldenFleece/goldenFleece.go:173.2,173.35 1 1
github.com/LexFrench/GoldenFleece/goldenFleece.go:178.2,179.9 2 1
github.com/LexFrench/GoldenFleece/goldenFleece.go:183.2,183.22 1 1
github.com/LexFrench/GoldenFleece/goldenFleece.go:162.16,164.3 1 1
github.com/LexFrench/GoldenFleece/goldenFleece.go:168.9,170.3 1 1
github.com/LexFrench/GoldenFleece/goldenFleece.go:173.35,175.3 1 1
github.com/LexFrench/GoldenFleece/goldenFleece.go:179.9,181.3 1 1
github.com/LexFrench/GoldenFleece/goldenFleece.go:189.64,191.25 2 1
github.com/LexFrench/GoldenFleece/goldenFleece.go:199.2,199.18 1 1
github.com/LexFrench/GoldenFleece/goldenFleece.go:191.25,193.17 2 1
github.com/LexFrench/GoldenFleece/goldenFleece.go:196.3,196.18 1 1
github.com/LexFrench/GoldenFleece/goldenFleece.go:193.17,195.4 1 1
github.com/LexFrench/GoldenFleece/goldenFleece.go:203.65,207.21 2 1
github.com/LexFrench/GoldenFleece/goldenFleece.go:213.2,213.17 1 1
github.com/LexFrench/GoldenFleece/goldenFleece.go:217.2,221.9 3 1
github.com/LexFrench/GoldenFleece/goldenFleece.go:225.2,225.19 1 1
github.com/LexFrench/GoldenFleece/goldenFleece.go:208.2,209.20 1 1
github.com/LexFrench/GoldenFleece/goldenFleece.go:213.17,215.3 1 1
github.com/LexFrench/GoldenFleece/goldenFleece.go:221.9,223.3 1 1
